[07-Jul-2024 01:55:32 UTC] PHP Fatal error:  Uncaught Error: Class "Router" not found in C:\xampp\htdocs\project-sathi\index.php:5
Stack trace:
#0 {main}
  thrown in C:\xampp\htdocs\project-sathi\index.php on line 5
[07-Jul-2024 01:56:39 UTC] PHP Fatal error:  Uncaught Error: Call to a member function route() on string in C:\xampp\htdocs\project-sathi\index.php:6
Stack trace:
#0 {main}
  thrown in C:\xampp\htdocs\project-sathi\index.php on line 6
[07-Jul-2024 01:56:40 UTC] PHP Fatal error:  Uncaught Error: Call to a member function route() on string in C:\xampp\htdocs\project-sathi\index.php:6
Stack trace:
#0 {main}
  thrown in C:\xampp\htdocs\project-sathi\index.php on line 6
[07-Jul-2024 01:57:20 UTC] PHP Fatal error:  Uncaught Error: Call to a member function route() on string in C:\xampp\htdocs\project-sathi\index.php:6
Stack trace:
#0 {main}
  thrown in C:\xampp\htdocs\project-sathi\index.php on line 6
[07-Jul-2024 01:57:44 UTC] PHP Fatal error:  Uncaught Error: Call to a member function route() on string in C:\xampp\htdocs\project-sathi\index.php:6
Stack trace:
#0 {main}
  thrown in C:\xampp\htdocs\project-sathi\index.php on line 6
[07-Jul-2024 01:58:17 UTC] PHP Fatal error:  Uncaught Error: Class "Router" not found in C:\xampp\htdocs\project-sathi\index.php:7
Stack trace:
#0 {main}
  thrown in C:\xampp\htdocs\project-sathi\index.php on line 7
[07-Jul-2024 01:58:19 UTC] PHP Fatal error:  Uncaught Error: Class "Router" not found in C:\xampp\htdocs\project-sathi\index.php:7
Stack trace:
#0 {main}
  thrown in C:\xampp\htdocs\project-sathi\index.php on line 7
[07-Jul-2024 01:58:49 UTC] PHP Warning:  Undefined array key "page" in C:\xampp\htdocs\project-sathi\Router.php on line 15
[07-Jul-2024 01:58:49 UTC] PHP Warning:  Undefined array key "page" in C:\xampp\htdocs\project-sathi\Router.php on line 15
[07-Jul-2024 02:04:10 UTC] PHP Warning:  Undefined array key "page" in C:\xampp\htdocs\project-sathi\Router.php on line 17
[07-Jul-2024 02:04:10 UTC] PHP Warning:  Undefined array key "page" in C:\xampp\htdocs\project-sathi\Router.php on line 17
[07-Jul-2024 02:10:39 UTC] PHP Warning:  Undefined array key "page" in C:\xampp\htdocs\project-sathi\Router.php on line 17
[07-Jul-2024 02:10:39 UTC] PHP Warning:  Undefined array key "page" in C:\xampp\htdocs\project-sathi\Router.php on line 17
[07-Jul-2024 02:12:09 UTC] PHP Warning:  Undefined array key "page" in C:\xampp\htdocs\project-sathi\Router.php on line 17
[07-Jul-2024 02:12:09 UTC] PHP Warning:  Undefined array key "page" in C:\xampp\htdocs\project-sathi\Router.php on line 17
[07-Jul-2024 02:12:22 UTC] PHP Warning:  Undefined array key "page" in C:\xampp\htdocs\project-sathi\Router.php on line 17
[07-Jul-2024 02:12:22 UTC] PHP Warning:  Undefined array key "page" in C:\xampp\htdocs\project-sathi\Router.php on line 17
[07-Jul-2024 02:12:27 UTC] PHP Warning:  Undefined array key "page" in C:\xampp\htdocs\project-sathi\Router.php on line 17
[07-Jul-2024 02:12:27 UTC] PHP Warning:  Undefined array key "page" in C:\xampp\htdocs\project-sathi\Router.php on line 17
[07-Jul-2024 02:14:50 UTC] PHP Warning:  Undefined array key "page" in C:\xampp\htdocs\project-sathi\Router.php on line 17
[07-Jul-2024 02:14:50 UTC] PHP Warning:  Undefined array key "page" in C:\xampp\htdocs\project-sathi\Router.php on line 17
[07-Jul-2024 02:15:09 UTC] PHP Warning:  Undefined array key "page" in C:\xampp\htdocs\project-sathi\Router.php on line 17
[07-Jul-2024 02:15:09 UTC] PHP Warning:  Undefined array key "page" in C:\xampp\htdocs\project-sathi\Router.php on line 17
[07-Jul-2024 02:16:09 UTC] PHP Warning:  Undefined array key "page" in C:\xampp\htdocs\project-sathi\Router.php on line 17
[07-Jul-2024 02:16:09 UTC] PHP Warning:  Undefined array key "error" in C:\xampp\htdocs\project-sathi\view\landing.php on line 185
[07-Jul-2024 02:16:09 UTC] PHP Warning:  Undefined array key "page" in C:\xampp\htdocs\project-sathi\Router.php on line 17
[07-Jul-2024 02:16:09 UTC] PHP Warning:  Undefined array key "error" in C:\xampp\htdocs\project-sathi\view\landing.php on line 185
[07-Jul-2024 02:18:00 UTC] PHP Warning:  Undefined array key "page" in C:\xampp\htdocs\project-sathi\Router.php on line 17
[07-Jul-2024 02:18:00 UTC] PHP Warning:  Undefined array key "error" in C:\xampp\htdocs\project-sathi\view\landing.php on line 185
[07-Jul-2024 02:18:00 UTC] PHP Warning:  Undefined array key "page" in C:\xampp\htdocs\project-sathi\Router.php on line 17
[07-Jul-2024 02:18:00 UTC] PHP Warning:  Undefined array key "error" in C:\xampp\htdocs\project-sathi\view\landing.php on line 185
[07-Jul-2024 02:19:57 UTC] PHP Fatal error:  Uncaught Error: Class "model\ProjectDiscussion" not found in C:\xampp\htdocs\project-sathi\logic\ProjectDiscussion.php:12
Stack trace:
#0 C:\xampp\htdocs\project-sathi\Router.php(40): logic\ProjectDiscussion->__construct()
#1 C:\xampp\htdocs\project-sathi\Router.php(9): Router->route()
#2 C:\xampp\htdocs\project-sathi\index.php(9): Router->__construct()
#3 {main}
  thrown in C:\xampp\htdocs\project-sathi\logic\ProjectDiscussion.php on line 12
[07-Jul-2024 02:20:53 UTC] PHP Fatal error:  Uncaught Error: Class "model\ProjectDiscussion" not found in C:\xampp\htdocs\project-sathi\logic\ProjectDiscussion.php:12
Stack trace:
#0 C:\xampp\htdocs\project-sathi\Router.php(40): logic\ProjectDiscussion->__construct()
#1 C:\xampp\htdocs\project-sathi\Router.php(9): Router->route()
#2 C:\xampp\htdocs\project-sathi\index.php(9): Router->__construct()
#3 {main}
  thrown in C:\xampp\htdocs\project-sathi\logic\ProjectDiscussion.php on line 12
[07-Jul-2024 02:20:58 UTC] PHP Fatal error:  Uncaught Error: Class "model\ProjectDiscussion" not found in C:\xampp\htdocs\project-sathi\logic\ProjectDiscussion.php:12
Stack trace:
#0 C:\xampp\htdocs\project-sathi\Router.php(40): logic\ProjectDiscussion->__construct()
#1 C:\xampp\htdocs\project-sathi\Router.php(9): Router->route()
#2 C:\xampp\htdocs\project-sathi\index.php(9): Router->__construct()
#3 {main}
  thrown in C:\xampp\htdocs\project-sathi\logic\ProjectDiscussion.php on line 12
[07-Jul-2024 02:21:18 UTC] PHP Fatal error:  Uncaught Error: Class "model\ProjectDiscussion" not found in C:\xampp\htdocs\project-sathi\logic\ProjectDiscussion.php:12
Stack trace:
#0 C:\xampp\htdocs\project-sathi\Router.php(40): logic\ProjectDiscussion->__construct()
#1 C:\xampp\htdocs\project-sathi\Router.php(9): Router->route()
#2 C:\xampp\htdocs\project-sathi\index.php(9): Router->__construct()
#3 {main}
  thrown in C:\xampp\htdocs\project-sathi\logic\ProjectDiscussion.php on line 12
[07-Jul-2024 02:23:31 UTC] PHP Warning:  Undefined array key "page" in C:\xampp\htdocs\project-sathi\Router.php on line 15
[07-Jul-2024 02:23:31 UTC] PHP Warning:  Array to string conversion in C:\xampp\htdocs\project-sathi\view\landing.php on line 180
[07-Jul-2024 02:23:31 UTC] PHP Warning:  Undefined array key "page" in C:\xampp\htdocs\project-sathi\Router.php on line 15
[07-Jul-2024 02:23:31 UTC] PHP Warning:  Array to string conversion in C:\xampp\htdocs\project-sathi\view\landing.php on line 180
[07-Jul-2024 02:24:05 UTC] PHP Warning:  Undefined array key "page" in C:\xampp\htdocs\project-sathi\Router.php on line 15
[07-Jul-2024 02:24:05 UTC] PHP Fatal error:  Uncaught TypeError: json_decode(): Argument #1 ($json) must be of type string, array given in C:\xampp\htdocs\project-sathi\view\landing.php:180
Stack trace:
#0 C:\xampp\htdocs\project-sathi\view\landing.php(180): json_decode()
#1 C:\xampp\htdocs\project-sathi\Router.php(18): include('...')
#2 C:\xampp\htdocs\project-sathi\Router.php(9): Router->route()
#3 C:\xampp\htdocs\project-sathi\index.php(9): Router->__construct()
#4 {main}
  thrown in C:\xampp\htdocs\project-sathi\view\landing.php on line 180
[07-Jul-2024 02:24:07 UTC] PHP Warning:  Undefined array key "page" in C:\xampp\htdocs\project-sathi\Router.php on line 15
[07-Jul-2024 02:24:07 UTC] PHP Fatal error:  Uncaught TypeError: json_decode(): Argument #1 ($json) must be of type string, array given in C:\xampp\htdocs\project-sathi\view\landing.php:180
Stack trace:
#0 C:\xampp\htdocs\project-sathi\view\landing.php(180): json_decode()
#1 C:\xampp\htdocs\project-sathi\Router.php(18): include('...')
#2 C:\xampp\htdocs\project-sathi\Router.php(9): Router->route()
#3 C:\xampp\htdocs\project-sathi\index.php(9): Router->__construct()
#4 {main}
  thrown in C:\xampp\htdocs\project-sathi\view\landing.php on line 180
[07-Jul-2024 02:24:57 UTC] PHP Warning:  Undefined array key "page" in C:\xampp\htdocs\project-sathi\Router.php on line 15
[07-Jul-2024 02:24:57 UTC] PHP Warning:  Undefined array key "page" in C:\xampp\htdocs\project-sathi\Router.php on line 15
[07-Jul-2024 02:27:38 UTC] PHP Warning:  Undefined array key "page" in C:\xampp\htdocs\project-sathi\Router.php on line 15
[07-Jul-2024 02:27:38 UTC] PHP Warning:  Undefined array key "page" in C:\xampp\htdocs\project-sathi\Router.php on line 15
[07-Jul-2024 02:27:55 UTC] PHP Warning:  Undefined array key "page" in C:\xampp\htdocs\project-sathi\Router.php on line 15
[07-Jul-2024 02:27:55 UTC] PHP Warning:  Undefined array key "page" in C:\xampp\htdocs\project-sathi\Router.php on line 15
[07-Jul-2024 02:27:58 UTC] PHP Warning:  Undefined array key "page" in C:\xampp\htdocs\project-sathi\Router.php on line 15
[07-Jul-2024 02:27:58 UTC] PHP Warning:  Undefined array key "page" in C:\xampp\htdocs\project-sathi\Router.php on line 15
[07-Jul-2024 02:28:50 UTC] PHP Warning:  Undefined array key "page" in C:\xampp\htdocs\project-sathi\Router.php on line 15
[07-Jul-2024 02:28:50 UTC] PHP Warning:  Undefined array key "page" in C:\xampp\htdocs\project-sathi\Router.php on line 15
[07-Jul-2024 02:28:50 UTC] PHP Warning:  Undefined array key "error" in C:\xampp\htdocs\project-sathi\view\landing.php on line 186
[07-Jul-2024 02:28:52 UTC] PHP Warning:  Undefined array key "page" in C:\xampp\htdocs\project-sathi\Router.php on line 15
[07-Jul-2024 02:28:52 UTC] PHP Warning:  Undefined array key "error" in C:\xampp\htdocs\project-sathi\view\landing.php on line 186
[07-Jul-2024 02:28:52 UTC] PHP Warning:  Undefined array key "page" in C:\xampp\htdocs\project-sathi\Router.php on line 15
[07-Jul-2024 02:28:52 UTC] PHP Warning:  Undefined array key "error" in C:\xampp\htdocs\project-sathi\view\landing.php on line 186
[07-Jul-2024 02:28:53 UTC] PHP Warning:  Undefined array key "page" in C:\xampp\htdocs\project-sathi\Router.php on line 15
[07-Jul-2024 02:28:53 UTC] PHP Warning:  Undefined array key "error" in C:\xampp\htdocs\project-sathi\view\landing.php on line 186
[07-Jul-2024 02:28:53 UTC] PHP Warning:  Undefined array key "page" in C:\xampp\htdocs\project-sathi\Router.php on line 15
[07-Jul-2024 02:28:53 UTC] PHP Warning:  Undefined array key "error" in C:\xampp\htdocs\project-sathi\view\landing.php on line 186
[07-Jul-2024 02:29:03 UTC] PHP Warning:  Undefined array key "page" in C:\xampp\htdocs\project-sathi\Router.php on line 15
[07-Jul-2024 02:29:03 UTC] PHP Warning:  Undefined array key "error" in C:\xampp\htdocs\project-sathi\view\landing.php on line 186
[07-Jul-2024 02:29:03 UTC] PHP Warning:  Undefined array key "page" in C:\xampp\htdocs\project-sathi\Router.php on line 15
[07-Jul-2024 02:29:03 UTC] PHP Warning:  Undefined array key "error" in C:\xampp\htdocs\project-sathi\view\landing.php on line 186
[07-Jul-2024 02:29:18 UTC] PHP Warning:  Undefined array key "page" in C:\xampp\htdocs\project-sathi\Router.php on line 15
[07-Jul-2024 02:29:18 UTC] PHP Warning:  Undefined array key "error" in C:\xampp\htdocs\project-sathi\view\landing.php on line 185
[07-Jul-2024 02:29:18 UTC] PHP Warning:  Undefined array key "page" in C:\xampp\htdocs\project-sathi\Router.php on line 15
[07-Jul-2024 02:29:18 UTC] PHP Warning:  Undefined array key "error" in C:\xampp\htdocs\project-sathi\view\landing.php on line 185
[07-Jul-2024 02:29:23 UTC] PHP Warning:  Undefined array key "page" in C:\xampp\htdocs\project-sathi\Router.php on line 15
[07-Jul-2024 02:29:23 UTC] PHP Warning:  Undefined array key "error" in C:\xampp\htdocs\project-sathi\view\landing.php on line 185
[07-Jul-2024 02:29:23 UTC] PHP Warning:  Undefined array key "page" in C:\xampp\htdocs\project-sathi\Router.php on line 15
[07-Jul-2024 02:29:23 UTC] PHP Warning:  Undefined array key "error" in C:\xampp\htdocs\project-sathi\view\landing.php on line 185
[07-Jul-2024 02:33:45 UTC] PHP Warning:  Undefined array key "page" in C:\xampp\htdocs\project-sathi\Router.php on line 15
[07-Jul-2024 02:33:45 UTC] PHP Warning:  Undefined array key "page" in C:\xampp\htdocs\project-sathi\Router.php on line 15
[07-Jul-2024 02:33:46 UTC] PHP Warning:  Undefined array key "page" in C:\xampp\htdocs\project-sathi\Router.php on line 15
[07-Jul-2024 02:33:46 UTC] PHP Warning:  Undefined array key "page" in C:\xampp\htdocs\project-sathi\Router.php on line 15
[07-Jul-2024 02:33:49 UTC] PHP Warning:  Undefined array key "page" in C:\xampp\htdocs\project-sathi\Router.php on line 15
[07-Jul-2024 02:33:49 UTC] PHP Warning:  Undefined array key "page" in C:\xampp\htdocs\project-sathi\Router.php on line 15
[07-Jul-2024 02:35:06 UTC] PHP Warning:  Undefined array key "page" in C:\xampp\htdocs\project-sathi\Router.php on line 15
[07-Jul-2024 02:35:06 UTC] PHP Warning:  Undefined array key "page" in C:\xampp\htdocs\project-sathi\Router.php on line 15
[07-Jul-2024 02:35:07 UTC] PHP Warning:  Undefined array key "page" in C:\xampp\htdocs\project-sathi\Router.php on line 15
[07-Jul-2024 02:35:07 UTC] PHP Warning:  Undefined array key "page" in C:\xampp\htdocs\project-sathi\Router.php on line 15
[07-Jul-2024 02:38:05 UTC] PHP Warning:  Undefined array key "page" in C:\xampp\htdocs\project-sathi\Router.php on line 15
[07-Jul-2024 02:38:05 UTC] PHP Warning:  Undefined array key "page" in C:\xampp\htdocs\project-sathi\Router.php on line 15
[07-Jul-2024 02:45:36 UTC] PHP Warning:  Undefined array key "page" in C:\xampp\htdocs\project-sathi\Router.php on line 15
[07-Jul-2024 02:45:36 UTC] PHP Warning:  Undefined array key "page" in C:\xampp\htdocs\project-sathi\Router.php on line 15
[07-Jul-2024 02:45:57 UTC] PHP Warning:  Undefined array key "page" in C:\xampp\htdocs\project-sathi\Router.php on line 15
[07-Jul-2024 02:45:57 UTC] PHP Warning:  Undefined array key "page" in C:\xampp\htdocs\project-sathi\Router.php on line 15
[07-Jul-2024 02:47:15 UTC] PHP Warning:  Undefined array key "page" in C:\xampp\htdocs\project-sathi\Router.php on line 15
[07-Jul-2024 02:47:15 UTC] PHP Warning:  Undefined array key "page" in C:\xampp\htdocs\project-sathi\Router.php on line 15
[07-Jul-2024 02:47:19 UTC] PHP Warning:  Undefined array key "page" in C:\xampp\htdocs\project-sathi\Router.php on line 15
[07-Jul-2024 02:47:19 UTC] PHP Warning:  Undefined array key "page" in C:\xampp\htdocs\project-sathi\Router.php on line 15
[07-Jul-2024 02:47:25 UTC] PHP Warning:  Undefined array key "page" in C:\xampp\htdocs\project-sathi\Router.php on line 15
[07-Jul-2024 02:47:25 UTC] PHP Warning:  Undefined array key "page" in C:\xampp\htdocs\project-sathi\Router.php on line 15
[07-Jul-2024 02:48:11 UTC] PHP Warning:  Undefined array key "page" in C:\xampp\htdocs\project-sathi\Router.php on line 15
[07-Jul-2024 02:48:11 UTC] PHP Warning:  Undefined array key "page" in C:\xampp\htdocs\project-sathi\Router.php on line 15
[07-Jul-2024 02:50:30 UTC] PHP Warning:  Undefined array key "page" in C:\xampp\htdocs\project-sathi\Router.php on line 15
[07-Jul-2024 02:50:30 UTC] PHP Warning:  Undefined array key "page" in C:\xampp\htdocs\project-sathi\Router.php on line 15
[07-Jul-2024 02:50:40 UTC] PHP Warning:  Undefined array key "page" in C:\xampp\htdocs\project-sathi\Router.php on line 15
[07-Jul-2024 02:50:40 UTC] PHP Warning:  Undefined array key "page" in C:\xampp\htdocs\project-sathi\Router.php on line 15
[07-Jul-2024 02:52:21 UTC] PHP Warning:  Undefined array key "page" in C:\xampp\htdocs\project-sathi\Router.php on line 15
[07-Jul-2024 02:52:21 UTC] PHP Warning:  Undefined array key "page" in C:\xampp\htdocs\project-sathi\Router.php on line 15
[07-Jul-2024 02:52:47 UTC] PHP Warning:  Undefined array key "page" in C:\xampp\htdocs\project-sathi\Router.php on line 15
[07-Jul-2024 02:52:47 UTC] PHP Warning:  Undefined array key "page" in C:\xampp\htdocs\project-sathi\Router.php on line 15
